{"/Users/aayushchaudhary/Documents/GitHub/team-8-capstone-team-8/app/aivaluate/backend/Logger.js": {"path":"/Users/aayushchaudhary/Documents/GitHub/team-8-capstone-team-8/app/aivaluate/backend/Logger.js","statementMap":{"0":{"start":{"line":1,"column":16},"end":{"line":1,"column":34}},"1":{"start":{"line":3,"column":15},"end":{"line":18,"column":2}},"2":{"start":{"line":7,"column":38},"end":{"line":7,"column":88}},"3":{"start":{"line":20,"column":0},"end":{"line":20,"column":24}}},"fnMap":{"0":{"name":"(anonymous_0)","decl":{"start":{"line":7,"column":30},"end":{"line":7,"column":31}},"loc":{"start":{"line":7,"column":38},"end":{"line":7,"column":88}},"line":7}},"branchMap":{},"s":{"0":8,"1":8,"2":44,"3":8},"f":{"0":44},"b":{},"_coverageSchema":"1a1c01bbd47fc00a2c39e90264f33305004495a9","hash":"0cb994a57d9be583157eabe44aafa95a39fde6f4"}
}
