{"/Users/aayushchaudhary/Documents/GitHub/team-8-capstone-team-8/app/aivaluate/backend-admin/adminlogger.js": {"path":"/Users/aayushchaudhary/Documents/GitHub/team-8-capstone-team-8/app/aivaluate/backend-admin/adminlogger.js","statementMap":{"0":{"start":{"line":1,"column":16},"end":{"line":1,"column":34}},"1":{"start":{"line":3,"column":15},"end":{"line":18,"column":2}},"2":{"start":{"line":7,"column":38},"end":{"line":7,"column":88}},"3":{"start":{"line":20,"column":0},"end":{"line":20,"column":24}}},"fnMap":{"0":{"name":"(anonymous_0)","decl":{"start":{"line":7,"column":30},"end":{"line":7,"column":31}},"loc":{"start":{"line":7,"column":38},"end":{"line":7,"column":88}},"line":7}},"branchMap":{},"s":{"0":3,"1":3,"2":11,"3":3},"f":{"0":11},"b":{},"_coverageSchema":"1a1c01bbd47fc00a2c39e90264f33305004495a9","hash":"571f5108db598c281ef5bbb0d9a7a8b093faf162"}
}
